[2013-10-09 12:12:12] START
[2013-10-09 12:16:07] EDIT SEACAT1/controllers/default.py: 0
[2013-10-09 12:16:48] EDIT SEACAT1/controllers/default.py: 0
[2013-10-09 12:17:42] EDIT SEACAT1/controllers/default.py: 0
[2013-10-09 12:18:56] EDIT SEACAT1/views/default/index.html: 2
[2013-10-09 12:21:49] EDIT SEACAT1/views/default/index.html: 1
[2013-10-09 12:22:31] EDIT SEACAT1/views/default/index.html: 6
[2013-10-09 12:23:25] EDIT SEACAT1/views/default/index.html: 2
[2013-10-09 12:23:48] EDIT SEACAT1/views/default/index.html: 2
[2013-10-09 12:30:12] EDIT SEACAT1/views/default/index.html: 2
[2013-10-09 12:30:54] EDIT SEACAT1/views/default/index.html: -2
[2013-10-09 12:31:33] EDIT SEACAT1/views/default/index.html: 0
[2013-10-09 13:01:45] EDIT SEACAT1/views/default/index.html: 2
[2013-10-09 13:02:55] EDIT SEACAT1/views/default/index.html: 0
[2013-10-09 13:03:12] EDIT SEACAT1/views/default/index.html: 0
[2013-10-09 13:03:34] EDIT SEACAT1/views/default/index.html: 0
[2013-10-09 13:03:43] EDIT SEACAT1/views/default/index.html: 0
[2013-10-09 13:03:50] EDIT SEACAT1/views/default/index.html: -1
[2013-10-09 13:04:42] EDIT SEACAT1/views/default/index.html: -9
[2013-10-09 13:05:09] EDIT SEACAT1/views/default/index.html: 0
[2013-10-09 13:06:04] EDIT SEACAT1/views/default/index.html: 0
[2013-10-09 13:06:15] EDIT SEACAT1/views/default/index.html: 0
[2013-10-09 13:07:32] EDIT SEACAT1/views/default/index.html: 0
[2013-10-09 13:13:35] EDIT SEACAT1/controllers/default.py: 0
[2013-10-09 13:14:23] EDIT SEACAT1/controllers/default.py: 1
[2013-10-09 13:14:28] EDIT SEACAT1/controllers/default.py: 0
[2013-10-09 13:14:45] EDIT SEACAT1/controllers/default.py: 0
[2013-10-09 13:15:02] EDIT SEACAT1/controllers/default.py: 0
[2013-10-09 13:22:20] EDIT SEACAT1/controllers/default.py: 1
[2013-10-09 13:25:19] EDIT SEACAT1/controllers/default.py: 0
[2013-10-09 13:29:42] EDIT SEACAT1/controllers/default.py: 1
[2013-10-09 13:30:26] EDIT SEACAT1/controllers/default.py: 0
[2013-10-09 13:30:29] EDIT SEACAT1/controllers/default.py: 0
[2013-10-09 13:30:31] EDIT SEACAT1/controllers/default.py: 0
[2013-10-09 13:30:31] EDIT SEACAT1/controllers/default.py: 0
[2013-10-09 13:31:29] EDIT SEACAT1/controllers/default.py: 0
[2013-10-09 13:37:28] EDIT SEACAT1/controllers/default.py: 0
[2013-10-09 13:38:36] EDIT SEACAT1/controllers/default.py: 0
[2013-10-09 13:38:51] EDIT SEACAT1/controllers/default.py: 0
[2013-10-09 13:39:41] EDIT SEACAT1/controllers/default.py: 0
[2013-10-09 13:40:27] EDIT SEACAT1/controllers/default.py: 0
[2013-10-09 13:42:04] EDIT SEACAT1/controllers/default.py: 0
[2013-10-09 13:42:24] EDIT SEACAT1/controllers/default.py: 0
[2013-10-09 13:43:09] EDIT SEACAT1/controllers/default.py: 0
[2013-10-09 13:43:55] EDIT SEACAT1/controllers/default.py: 0
[2013-10-09 13:44:14] EDIT SEACAT1/controllers/default.py: 0
[2013-10-09 14:03:39] EDIT SEACAT1/controllers/default.py: 0
[2013-10-09 14:09:54] EDIT SEACAT1/static/css/web2py_bootstrap.css: 0
[2013-10-09 14:10:23] EDIT SEACAT1/static/css/web2py_bootstrap.css: 0
[2013-10-09 14:10:38] EDIT SEACAT1/static/css/web2py_bootstrap.css: 0
[2013-10-09 14:11:24] EDIT SEACAT1/static/css/web2py_bootstrap.css: 0
[2013-10-09 14:11:49] EDIT SEACAT1/static/css/web2py_bootstrap.css: 0
[2013-10-09 14:12:00] EDIT SEACAT1/static/css/web2py_bootstrap.css: 0
[2013-10-10 15:34:15] EDIT SEACAT1/views/default/index.html: 0
[2013-10-10 15:34:29] EDIT SEACAT1/views/default/index.html: 0
[2013-10-10 15:34:37] EDIT SEACAT1/views/default/index.html: 0
[2013-10-10 15:34:44] EDIT SEACAT1/views/default/index.html: 0
[2013-10-10 15:35:02] EDIT SEACAT1/views/default/index.html: 2
[2013-10-10 15:35:33] EDIT SEACAT1/views/default/index.html: 2
[2013-10-10 15:36:18] EDIT SEACAT1/views/default/index.html: -2
[2013-10-10 15:36:46] EDIT SEACAT1/views/default/index.html: 2
[2013-10-10 15:36:56] EDIT SEACAT1/views/default/index.html: -2
[2013-10-10 15:37:09] EDIT SEACAT1/views/default/index.html: 0
[2013-10-10 15:37:19] EDIT SEACAT1/views/default/index.html: 0
[2013-10-10 15:41:54] EDIT SEACAT1/controllers/default.py: 4
[2013-10-10 15:43:07] EDIT SEACAT1/controllers/default.py: 1
[2013-10-10 15:43:16] EDIT SEACAT1/controllers/default.py: -1
[2013-10-10 15:43:33] EDIT SEACAT1/controllers/default.py: 0
[2013-10-10 15:46:49] EDIT SEACAT1/views/default/index.html: 2
[2013-10-10 15:49:40] EDIT SEACAT1/views/default/index.html: 4
[2013-10-10 15:49:43] EDIT SEACAT1/views/default/index.html: 0
[2013-10-10 15:50:21] CREATE info.html: 0
[2013-10-10 15:52:49] EDIT SEACAT1/views/info.html: 3
[2013-10-10 15:54:40] EDIT SEACAT1/controllers/default.py: 2
[2013-10-10 15:55:50] EDIT SEACAT1/controllers/default.py: 0
[2013-10-10 15:58:36] EDIT SEACAT1/controllers/default.py: 0
[2013-10-10 15:59:35] EDIT SEACAT1/controllers/default.py: 1
[2013-10-10 16:00:01] EDIT SEACAT1/controllers/default.py: 0
[2013-10-10 16:00:48] EDIT SEACAT1/controllers/default.py: -1
[2013-10-10 16:01:46] DELETE SEACAT1/views/info.html: -6
[2013-10-10 16:02:01] CREATE info.html: 0
[2013-10-10 16:02:06] EDIT SEACAT1/views/info.html: 3
[2013-10-10 16:02:24] EDIT SEACAT1/views/default/index.html: 0
[2013-10-10 16:02:43] EDIT SEACAT1/views/default/index.html: 0
[2013-10-10 16:03:23] CREATE default/info.html: 0
[2013-10-10 16:03:36] EDIT SEACAT1/views/default/info.html: 3
[2013-10-10 16:06:02] EDIT SEACAT1/controllers/default.py: 2
[2013-10-10 16:06:10] EDIT SEACAT1/controllers/default.py: 0
[2013-10-10 16:09:27] EDIT SEACAT1/controllers/default.py: 0
[2013-10-10 16:09:52] EDIT SEACAT1/controllers/default.py: 0
[2013-10-10 16:10:51] EDIT SEACAT1/controllers/default.py: 2
[2013-10-10 16:11:10] EDIT SEACAT1/controllers/default.py: 4
[2013-10-10 16:11:55] EDIT SEACAT1/views/default/info.html: 0
[2013-10-10 16:12:02] EDIT SEACAT1/views/default/info.html: 1
[2013-10-10 16:12:23] DELETE SEACAT1/views/default/info.html: -7
[2013-10-10 16:13:00] CREATE default/info.html: 0
[2013-10-10 16:13:06] EDIT SEACAT1/views/default/info.html: 3
[2013-10-10 16:13:20] DELETE SEACAT1/views/info.html: -6
[2013-10-10 16:14:15] EDIT SEACAT1/views/default/info.html: 2
[2013-10-10 16:14:43] EDIT SEACAT1/views/default/info.html: 1
[2013-10-10 16:15:10] EDIT SEACAT1/views/default/info.html: 0
[2013-10-10 16:15:24] EDIT SEACAT1/views/default/info.html: 0
[2013-10-10 16:16:01] EDIT SEACAT1/views/default/info.html: 0
[2013-10-10 16:16:41] CREATE default/ingreso.html: 0
[2013-10-10 16:16:45] EDIT SEACAT1/views/default/ingreso.html: 0
[2013-10-10 16:17:28] EDIT SEACAT1/controllers/default.py: 6
[2013-10-10 16:24:16] EDIT SEACAT1/controllers/default.py: 0
[2013-10-10 16:25:29] EDIT SEACAT1/controllers/default.py: 1
[2013-10-10 16:26:40] EDIT SEACAT1/controllers/default.py: -13
[2013-10-10 16:27:27] EDIT SEACAT1/controllers/default.py: -1
[2013-10-28 11:03:39] DELETE SEACAT1/static/logo-web.png: -18
[2013-10-28 11:04:29] UPLOAD /home/leo/Descargas/web2py/applications/SEACAT1/static/LogoPíoIX-Nuevo.png: 480
[2013-10-28 11:08:02] EDIT SEACAT1/views/default/info.html: 2
[2013-10-28 11:08:56] EDIT SEACAT1/views/default/info.html: -1
[2013-10-28 11:10:18] EDIT SEACAT1/views/default/info.html: 0
[2013-10-28 11:40:08] EDIT SEACAT1/views/default/info.html: 0
[2013-10-28 11:40:48] EDIT SEACAT1/views/default/info.html: 2
[2013-10-28 11:41:03] EDIT SEACAT1/views/default/info.html: 1
[2013-10-28 11:41:16] EDIT SEACAT1/views/default/info.html: 0
[2013-10-28 11:41:48] EDIT SEACAT1/views/default/info.html: 0
[2013-10-28 11:42:11] EDIT SEACAT1/views/default/info.html: -1
[2013-10-28 11:44:53] EDIT SEACAT1/views/default/info.html: 0
[2013-10-28 11:45:35] EDIT SEACAT1/views/default/info.html: 0
[2013-10-28 11:46:09] EDIT SEACAT1/views/default/info.html: 0
[2013-10-28 11:54:36] EDIT SEACAT1/views/default/ingreso.html: 0
[2013-10-28 13:02:51] EDIT SEACAT1/views/default/index.html: 1
[2013-10-28 13:14:06] EDIT SEACAT1/views/default/index.html: 3
[2013-10-28 13:14:08] EDIT SEACAT1/views/default/index.html: 0
[2013-10-28 13:14:10] EDIT SEACAT1/views/default/index.html: 0
[2013-10-28 13:17:04] EDIT SEACAT1/controllers/default.py: 2
[2013-10-28 13:21:22] EDIT SEACAT1/views/default/index.html: -3
[2013-10-28 13:21:32] EDIT SEACAT1/controllers/default.py: -2
[2013-10-29 16:47:40] EDIT SEACAT1/views/default/ingreso.html: 1
[2013-10-29 16:48:26] EDIT SEACAT1/views/default/ingreso.html: 0
[2013-10-30 11:54:29] EDIT SEACAT1/views/default/index.html: 2
[2013-10-30 11:54:51] EDIT SEACAT1/controllers/default.py: 0
[2013-10-30 11:57:59] EDIT SEACAT1/views/default/index.html: 1
[2013-10-30 11:58:23] EDIT SEACAT1/views/default/index.html: 0
[2013-10-30 12:21:11] EDIT SEACAT1/controllers/default.py: 1
[2013-10-30 12:22:31] EDIT SEACAT1/controllers/default.py: 0
[2013-10-30 12:24:42] EDIT SEACAT1/views/default/index.html: 0
[2013-10-30 12:25:11] EDIT SEACAT1/views/default/index.html: 0
[2013-10-30 12:25:27] EDIT SEACAT1/views/default/index.html: 0
[2013-10-30 12:27:48] EDIT SEACAT1/views/default/ingreso.html: -1
[2013-10-30 12:28:54] EDIT SEACAT1/controllers/default.py: 1
[2013-10-30 12:29:09] EDIT SEACAT1/views/default/ingreso.html: 1
[2013-10-30 12:29:26] EDIT SEACAT1/views/default/ingreso.html: -1
[2013-10-30 12:29:56] EDIT SEACAT1/views/default/ingreso.html: 2
[2013-10-30 12:30:08] EDIT SEACAT1/views/default/ingreso.html: 1
[2013-10-30 12:36:53] EDIT SEACAT1/models/db.py: 2
[2013-10-30 12:39:32] EDIT SEACAT1/models/db.py: 0
[2013-10-30 12:39:34] EDIT SEACAT1/models/db.py: 0
[2013-10-30 12:41:30] EDIT SEACAT1/models/db.py: 0
[2013-10-30 12:50:22] EDIT SEACAT1/controllers/default.py: 6
[2013-10-30 12:50:25] EDIT SEACAT1/controllers/default.py: 0
[2013-10-30 12:59:37] EDIT SEACAT1/controllers/default.py: 0
[2013-10-30 13:02:25] EDIT SEACAT1/controllers/default.py: 0
[2013-10-30 13:02:57] EDIT SEACAT1/controllers/default.py: -1
[2013-10-30 13:05:49] EDIT SEACAT1/controllers/default.py: 1
[2013-10-30 13:08:15] EDIT SEACAT1/controllers/default.py: 0
[2013-10-30 15:08:03] EDIT SEACAT1/controllers/default.py: 2
[2013-10-30 15:08:10] EDIT SEACAT1/controllers/default.py: 0
[2013-10-30 15:08:44] EDIT SEACAT1/controllers/default.py: 0
[2013-10-30 15:08:47] EDIT SEACAT1/controllers/default.py: 0
[2013-10-30 15:09:25] EDIT SEACAT1/controllers/default.py: 0
[2013-10-30 15:09:55] EDIT SEACAT1/controllers/default.py: 1
[2013-10-30 15:41:10] EDIT SEACAT1/controllers/default.py: 0
[2013-10-30 15:41:48] EDIT SEACAT1/controllers/default.py: 0
[2013-10-30 15:46:25] EDIT SEACAT1/controllers/default.py: 0
[2013-10-30 15:47:32] CREATE default/start.html: 0
[2013-10-30 15:47:37] EDIT SEACAT1/views/default/start.html: 0
[2013-10-30 15:58:17] EDIT SEACAT1/controllers/default.py: 0
[2013-11-06 16:09:10] EDIT SEACAT1/controllers/default.py: 2
[2013-11-06 16:14:59] EDIT SEACAT1/controllers/default.py: -2
[2013-11-07 16:17:59] EDIT SEACAT1/controllers/default.py: 1
[2013-11-07 16:43:03] EDIT SEACAT1/views/default/index.html: 0
[2013-11-07 16:44:10] EDIT SEACAT1/views/default/index.html: 3
[2013-11-07 16:45:17] EDIT SEACAT1/views/default/index.html: 0
[2013-11-07 16:46:18] EDIT SEACAT1/views/default/index.html: -3
[2013-11-21 16:25:01] EDIT SEACAT1/controllers/default.py: 3
[2013-11-21 16:26:46] EDIT SEACAT1/controllers/default.py: 0
[2013-11-21 16:27:28] EDIT SEACAT1/controllers/default.py: 0
[2013-11-21 16:29:33] EDIT SEACAT1/views/layout.html: 2
[2013-11-21 16:29:35] EDIT SEACAT1/views/layout.html: 0
[2013-11-25 19:46:58] EDIT SEACAT1/views/default/ingreso.html: 0
[2013-11-25 19:48:59] EDIT SEACAT1/views/layout.html: 2
[2013-11-25 19:49:15] EDIT SEACAT1/views/layout.html: 0
[2013-11-25 19:52:21] EDIT SEACAT1/models/db.py: 1
[2013-11-25 19:54:40] EDIT SEACAT1/views/default/info.html: 0
[2013-11-25 19:55:19] EDIT SEACAT1/views/default/info.html: 1
[2013-11-25 20:07:55] EDIT SEACAT1/controllers/default.py: 1
[2014-01-07 11:21:10] EDIT SEACAT_ingresos/models/db.py: 5
[2014-01-07 11:21:24] EDIT SEACAT_ingresos/models/db.py: 0
[2014-01-07 11:22:56] EDIT SEACAT_ingresos/models/db.py: 0
[2014-01-07 11:24:29] EDIT SEACAT_ingresos/models/db.py: -1
[2014-01-07 11:26:15] EDIT SEACAT_ingresos/models/db.py: 1
[2014-01-07 11:27:13] EDIT SEACAT_ingresos/models/db.py: 0
[2014-01-07 11:29:24] EDIT SEACAT_ingresos/models/db.py: 1
[2014-01-07 11:30:16] EDIT SEACAT_ingresos/models/db.py: 0
[2014-01-07 11:31:20] EDIT SEACAT_ingresos/models/db.py: 0
[2014-01-07 11:32:06] EDIT SEACAT_ingresos/models/db.py: -1
[2014-01-07 11:33:02] EDIT SEACAT_ingresos/models/db.py: -1
[2014-01-07 11:37:01] EDIT SEACAT_ingresos/models/db.py: 0
[2014-01-07 12:17:34] EDIT SEACAT_ingresos/models/db.py: 7
[2014-01-07 12:18:56] EDIT SEACAT_ingresos/models/db.py: 0
[2014-01-07 12:19:55] EDIT SEACAT_ingresos/models/db.py: 0
[2014-01-07 12:20:06] EDIT SEACAT_ingresos/models/db.py: 0
[2014-01-07 12:23:56] EDIT SEACAT_ingresos/models/db.py: 0
[2014-01-07 12:24:08] EDIT SEACAT_ingresos/models/db.py: -5
[2014-01-07 12:24:12] EDIT SEACAT_ingresos/models/db.py: 0
[2014-01-07 12:26:46] EDIT SEACAT_ingresos/models/db.py: 0
[2014-01-07 12:26:53] EDIT SEACAT_ingresos/models/db.py: 0
[2014-01-07 12:26:59] EDIT SEACAT_ingresos/models/db.py: 0
[2014-01-07 12:27:01] EDIT SEACAT_ingresos/models/db.py: 0
[2014-01-07 12:27:20] EDIT SEACAT_ingresos/models/db.py: 0
[2014-01-07 12:33:57] EDIT SEACAT_ingresos/models/db.py: 0
[2014-01-07 12:34:11] EDIT SEACAT_ingresos/models/db.py: 0
[2014-01-07 12:34:15] EDIT SEACAT_ingresos/models/db.py: 0
[2014-01-07 12:35:10] EDIT SEACAT_ingresos/models/db.py: 5
[2014-01-07 12:36:07] EDIT SEACAT_ingresos/models/db.py: 0
[2014-01-07 12:36:58] EDIT SEACAT_ingresos/models/db.py: -6
[2014-01-07 12:37:34] EDIT SEACAT_ingresos/models/db.py: -1
[2014-01-07 12:47:28] EDIT SEACAT_ingresos/models/db.py: 1
[2014-01-07 12:58:29] EDIT SEACAT_ingresos/models/db.py: 6
[2014-01-07 13:06:31] EDIT SEACAT_ingresos/controllers/default.py: 3
[2014-01-07 13:18:14] EDIT SEACAT_ingresos/models/db.py: -6
[2014-01-07 13:19:22] EDIT SEACAT_ingresos/models/db.py: 1
[2014-01-07 13:24:38] EDIT SEACAT_ingresos/models/db.py: 0
[2014-01-07 13:27:30] EDIT SEACAT_ingresos/models/db.py: 0
[2014-01-07 13:29:08] EDIT SEACAT_ingresos/models/db.py: 5
[2014-01-07 13:31:42] EDIT SEACAT_ingresos/controllers/default.py: 0
[2014-01-07 13:33:08] EDIT SEACAT_ingresos/controllers/default.py: 0
[2014-01-07 13:33:39] EDIT SEACAT_ingresos/views/default/index.html: 0
[2014-01-07 13:34:24] EDIT SEACAT_ingresos/views/default/info.html: 0
[2014-01-07 13:37:38] EDIT SEACAT_ingresos/controllers/default.py: 0
[2014-01-07 13:37:50] EDIT SEACAT_ingresos/controllers/default.py: 0
[2014-01-07 13:39:03] EDIT SEACAT_ingresos/controllers/default.py: 0
[2014-01-07 13:39:44] EDIT SEACAT_ingresos/models/db.py: 0
[2014-01-07 13:40:53] EDIT SEACAT_ingresos/models/db.py: 0
[2014-01-07 13:41:47] EDIT SEACAT_ingresos/models/db.py: -6
[2014-01-07 13:42:46] EDIT SEACAT_ingresos/controllers/default.py: 0
[2014-01-07 13:52:55] EDIT SEACAT_ingresos/models/db.py: 1
[2014-01-07 14:02:31] EDIT SEACAT_ingresos/models/db.py: 1
[2014-01-07 14:02:52] EDIT SEACAT_ingresos/models/db.py: 0
[2014-01-07 14:04:29] EDIT SEACAT_ingresos/models/db.py: -1
[2014-01-07 14:13:19] EDIT SEACAT_ingresos/controllers/default.py: 6
[2014-01-07 14:15:20] EDIT SEACAT_ingresos/models/db.py: 1
[2014-01-07 14:16:16] EDIT SEACAT_ingresos/models/db.py: 0
[2014-01-07 14:18:28] EDIT SEACAT_ingresos/controllers/default.py: 0
[2014-01-07 14:20:06] EDIT SEACAT_ingresos/controllers/default.py: 1
[2014-01-07 14:20:40] EDIT SEACAT_ingresos/controllers/default.py: 0
[2014-01-07 14:29:30] EDIT SEACAT_ingresos/controllers/default.py: -1
[2014-01-07 14:42:30] EDIT SEACAT_ingresos/models/menu.py: 4
[2014-01-07 14:42:31] EDIT SEACAT_ingresos/models/menu.py: 0
[2014-01-07 14:44:08] EDIT SEACAT_ingresos/models/menu.py: 0
[2014-01-07 14:44:21] EDIT SEACAT_ingresos/models/menu.py: 0
[2014-01-07 14:45:01] EDIT SEACAT_ingresos/models/menu.py: 1
[2014-01-07 14:46:29] EDIT SEACAT_ingresos/controllers/default.py: 0
[2014-01-07 14:57:43] EDIT SEACAT_ingresos/controllers/default.py: 1
[2014-01-07 15:00:21] EDIT SEACAT_ingresos/views/default/index.html: 0
[2014-01-07 15:00:36] EDIT SEACAT_ingresos/views/default/index.html: 0
[2014-01-07 15:01:38] EDIT SEACAT_ingresos/controllers/default.py: 1
[2014-01-07 15:02:28] EDIT SEACAT_ingresos/controllers/default.py: 0
[2014-01-07 15:03:07] EDIT SEACAT_ingresos/views/default/ingreso.html: 0
[2014-01-07 15:03:23] EDIT SEACAT_ingresos/views/default/index.html: 0
[2014-01-07 15:04:12] EDIT SEACAT_ingresos/views/default/index.html: 0
[2014-01-07 15:04:21] EDIT SEACAT_ingresos/views/default/index.html: 0
[2014-01-07 15:11:48] EDIT SEACAT_ingresos/views/default/info.html: 0
[2014-01-07 15:13:17] EDIT SEACAT_ingresos/views/default/info.html: 0
[2014-01-07 15:26:01] EDIT SEACAT_ingresos/views/default/info.html: 1
[2014-01-07 15:28:06] EDIT SEACAT_ingresos/views/default/info.html: 0
[2014-01-07 15:29:20] EDIT SEACAT_ingresos/views/default/info.html: -1
[2014-01-08 09:29:34] EDIT SEACAT_ingresos/models/db.py: 5
[2014-01-08 09:32:58] EDIT SEACAT_ingresos/models/db.py: 0
[2014-01-08 09:36:00] EDIT SEACAT_ingresos/controllers/default.py: 3
[2014-01-08 09:42:32] EDIT SEACAT_ingresos/views/default/ingreso.html: 0
[2014-01-08 09:43:48] EDIT SEACAT_ingresos/views/default/ingreso.html: 0
[2014-01-08 09:44:28] EDIT SEACAT_ingresos/views/default/ingreso.html: 0
[2014-01-08 09:46:57] EDIT SEACAT_ingresos/models/db.py: -1
[2014-01-08 09:46:59] EDIT SEACAT_ingresos/models/db.py: 0
[2014-01-08 09:57:36] EDIT SEACAT_ingresos/views/default/info.html: 1
[2014-01-08 09:57:57] EDIT SEACAT_ingresos/views/default/info.html: 0
[2014-01-08 09:58:33] EDIT SEACAT_ingresos/views/default/info.html: 0
[2014-01-08 09:59:22] EDIT SEACAT_ingresos/views/default/info.html: 0
[2014-01-08 09:59:47] EDIT SEACAT_ingresos/views/default/info.html: -1
[2014-01-08 10:00:41] EDIT SEACAT_ingresos/controllers/default.py: 0
[2014-01-08 10:01:41] EDIT SEACAT_ingresos/views/layout.html: 0
[2014-01-08 10:02:20] EDIT SEACAT_ingresos/views/layout.html: 0
[2014-01-08 10:02:45] EDIT SEACAT_ingresos/views/layout.html: 0
[2014-01-08 10:03:12] EDIT SEACAT_ingresos/views/layout.html: -1
[2014-01-08 10:09:05] EDIT SEACAT_ingresos/views/layout.html: 3
[2014-01-08 10:10:29] EDIT SEACAT_ingresos/views/layout.html: -2
[2014-01-08 10:14:38] EDIT SEACAT_ingresos/controllers/default.py: 1
[2014-01-08 10:18:38] EDIT SEACAT_ingresos/controllers/default.py: 0
[2014-01-08 10:25:32] EDIT SEACAT_ingresos/controllers/default.py: 0
[2014-01-08 10:38:06] EDIT SEACAT_ingresos/views/default/info.html: 0
[2014-01-08 10:38:48] EDIT SEACAT_ingresos/views/default/info.html: 0
[2014-01-08 10:39:20] EDIT SEACAT_ingresos/views/default/info.html: 0
[2014-01-08 10:46:29] EDIT SEACAT_ingresos/models/menu.py: -1
[2014-01-08 11:34:09] EDIT SEACAT_ingresos/controllers/default.py: -6
[2014-01-08 11:36:33] EDIT SEACAT_ingresos/models/menu.py: 3
[2014-01-08 11:36:48] EDIT SEACAT_ingresos/models/menu.py: -1
[2014-01-08 11:39:06] EDIT SEACAT_ingresos/controllers/default.py: 0
[2014-01-08 11:41:40] EDIT SEACAT_ingresos/models/menu.py: 0
[2014-01-08 11:42:33] EDIT SEACAT_ingresos/models/menu.py: 0
[2014-01-08 15:25:03] EDIT SEACAT_ingresos/controllers/default.py: 0
[2014-01-08 16:44:21] EDIT SEACAT_ingresos/controllers/default.py: -5
[2014-01-08 16:47:22] DELETE SEACAT_ingresos/views/default/ingreso.html: -6
[2014-01-08 16:50:15] EDIT SEACAT_ingresos/models/menu.py: 0
[2014-01-08 16:50:37] EDIT SEACAT_ingresos/models/menu.py: 0
[2014-01-08 16:56:52] EDIT SEACAT_ingresos/controllers/default.py: 1
[2014-01-08 16:57:33] EDIT SEACAT_ingresos/controllers/default.py: 0
[2014-01-08 16:58:10] EDIT SEACAT_ingresos/controllers/default.py: 0
[2014-01-08 17:03:58] EDIT SEACAT_ingresos/controllers/default.py: 0
[2014-01-08 17:05:02] EDIT SEACAT_ingresos/controllers/default.py: 1
[2014-01-08 17:05:08] EDIT SEACAT_ingresos/controllers/default.py: 0
[2014-01-08 17:07:02] EDIT SEACAT_ingresos/controllers/default.py: -1
[2014-01-08 17:07:05] EDIT SEACAT_ingresos/controllers/default.py: 0
[2014-01-08 17:07:19] EDIT SEACAT_ingresos/controllers/default.py: 0
[2014-01-08 17:07:42] EDIT SEACAT_ingresos/controllers/default.py: 0
[2014-01-08 17:08:14] EDIT SEACAT_ingresos/controllers/default.py: 0
[2014-01-08 17:10:22] EDIT SEACAT_ingresos/controllers/default.py: 1
[2014-01-08 17:11:54] EDIT SEACAT_ingresos/controllers/default.py: -1
[2014-01-08 17:13:00] EDIT SEACAT_ingresos/controllers/default.py: 0
[2014-01-08 17:13:08] EDIT SEACAT_ingresos/controllers/default.py: 0
[2014-01-08 17:15:12] EDIT SEACAT_ingresos/controllers/default.py: 0
[2014-01-08 17:30:18] EDIT SEACAT_ingresos/controllers/default.py: 1
[2014-01-08 17:33:43] EDIT SEACAT_ingresos/controllers/default.py: 1
[2014-01-08 17:50:40] EDIT SEACAT_ingresos/controllers/default.py: 1
[2014-01-08 18:02:50] EDIT SEACAT_ingresos/controllers/default.py: 1
[2014-01-09 11:06:24] EDIT SEACAT_ingresos/models/db.py: 24
[2014-01-09 11:54:57] EDIT SEACAT_ingresos/models/db.py: 4
[2014-01-09 11:55:52] EDIT SEACAT_ingresos/models/db.py: 0
[2014-01-09 12:48:18] EDIT SEACAT_ingresos/models/db.py: 40
[2014-01-09 12:48:32] EDIT SEACAT_ingresos/models/db.py: 0
[2014-01-09 12:49:50] EDIT SEACAT_ingresos/models/db.py: 0
[2014-01-09 12:50:18] EDIT SEACAT_ingresos/models/db.py: 0
[2014-01-09 12:51:52] EDIT SEACAT_ingresos/models/db.py: 1
[2014-01-09 13:05:40] EDIT SEACAT_ingresos/models/db.py: 0
[2014-01-09 13:15:25] EDIT SEACAT_ingresos/models/menu.py: 6
[2014-01-09 13:15:51] EDIT SEACAT_ingresos/models/menu.py: 0
[2014-01-09 13:17:08] EDIT SEACAT_ingresos/controllers/default.py: 0
[2014-01-09 13:22:28] EDIT SEACAT_ingresos/controllers/default.py: 0
[2014-01-09 13:30:38] EDIT SEACAT_ingresos/models/menu.py: 0
[2014-01-09 13:34:10] EDIT SEACAT_ingresos/models/menu.py: 0
[2014-01-09 13:34:29] EDIT SEACAT_ingresos/models/menu.py: 0
[2014-01-09 13:40:07] EDIT SEACAT_ingresos/models/menu.py: 0
[2014-01-09 13:40:45] EDIT SEACAT_ingresos/models/menu.py: 0
[2014-01-09 13:44:18] EDIT SEACAT_ingresos/models/menu.py: 0
[2014-01-09 13:47:15] EDIT SEACAT_ingresos/models/db.py: 1
[2014-01-09 13:47:33] EDIT SEACAT_ingresos/models/menu.py: -6
[2014-01-09 13:48:24] EDIT SEACAT_ingresos/models/db.py: 0
[2014-01-09 13:48:45] EDIT SEACAT_ingresos/models/db.py: 1
[2014-01-09 13:51:08] EDIT SEACAT_ingresos/models/menu.py: 3
[2014-01-09 13:53:07] EDIT SEACAT_ingresos/models/menu.py: 2
[2014-01-09 13:53:44] EDIT SEACAT_ingresos/models/menu.py: 2
[2014-01-09 13:54:55] EDIT SEACAT_ingresos/models/menu.py: 0
[2014-01-09 13:56:39] EDIT SEACAT_ingresos/models/db.py: -2
[2014-01-09 14:00:35] EDIT SEACAT_ingresos/models/menu.py: 0
[2014-01-09 14:00:58] EDIT SEACAT_ingresos/models/menu.py: 0
[2014-01-09 14:02:53] EDIT SEACAT_ingresos/controllers/default.py: 3
[2014-01-09 15:16:17] EDIT SEACAT_ingresos/controllers/default.py: 3
[2014-01-09 15:17:33] EDIT SEACAT_ingresos/models/menu.py: 0
[2014-01-09 15:17:42] EDIT SEACAT_ingresos/controllers/default.py: 0
[2014-01-09 15:17:49] EDIT SEACAT_ingresos/models/db.py: 0
[2014-01-09 15:24:00] EDIT SEACAT_ingresos/controllers/default.py: -1
[2014-01-09 15:32:18] EDIT SEACAT_ingresos/models/db.py: 0
[2014-01-09 15:42:20] EDIT SEACAT_ingresos/controllers/default.py: 7
[2014-01-09 15:44:40] EDIT SEACAT_ingresos/controllers/default.py: 0
[2014-01-09 15:44:55] EDIT SEACAT_ingresos/controllers/default.py: 0
[2014-01-09 15:46:17] EDIT SEACAT_ingresos/controllers/default.py: 0
[2014-01-09 15:48:02] EDIT SEACAT_ingresos/controllers/default.py: 0
[2014-01-09 15:52:12] EDIT SEACAT_ingresos/controllers/default.py: 0
[2014-01-09 15:57:02] EDIT SEACAT_ingresos/controllers/default.py: 0
[2014-01-09 15:57:44] EDIT SEACAT_ingresos/controllers/default.py: 0
[2014-01-09 16:01:08] EDIT SEACAT_ingresos/controllers/default.py: 5
[2014-01-09 16:02:45] EDIT SEACAT_ingresos/controllers/default.py: 0
[2014-01-09 16:07:19] EDIT SEACAT_ingresos/controllers/default.py: 4
[2014-01-09 16:07:27] EDIT SEACAT_ingresos/controllers/default.py: 0
[2014-01-09 16:11:09] EDIT SEACAT_ingresos/controllers/default.py: 0
[2014-01-09 16:14:04] EDIT SEACAT_ingresos/models/db.py: 1
[2014-01-09 16:22:44] EDIT SEACAT_ingresos/models/db.py: 1
[2014-01-09 16:32:12] EDIT SEACAT_ingresos/controllers/default.py: 3
[2014-01-09 16:32:36] EDIT SEACAT_ingresos/controllers/default.py: 0
[2014-01-09 16:33:27] EDIT SEACAT_ingresos/controllers/default.py: 0
[2014-01-09 16:34:27] EDIT SEACAT_ingresos/controllers/default.py: 0
[2014-01-09 16:34:35] EDIT SEACAT_ingresos/controllers/default.py: 0
[2014-01-09 16:36:30] EDIT SEACAT_ingresos/controllers/default.py: 0
[2014-01-09 16:36:36] EDIT SEACAT_ingresos/controllers/default.py: 0
[2014-01-09 16:47:40] EDIT SEACAT_ingresos/controllers/default.py: 0
[2014-01-09 16:49:03] EDIT SEACAT_ingresos/controllers/default.py: 0
[2014-01-09 16:54:04] EDIT SEACAT_ingresos/controllers/default.py: 1
[2014-01-09 16:54:31] EDIT SEACAT_ingresos/controllers/default.py: 0
[2014-01-09 16:54:33] EDIT SEACAT_ingresos/controllers/default.py: 0
[2014-01-09 16:54:48] EDIT SEACAT_ingresos/controllers/default.py: 0
[2014-01-09 16:56:34] EDIT SEACAT_ingresos/controllers/default.py: 0
[2014-01-09 16:58:39] EDIT SEACAT_ingresos/controllers/default.py: 1
[2014-01-09 17:01:32] EDIT SEACAT_ingresos/controllers/default.py: 0
[2014-01-09 17:02:15] EDIT SEACAT_ingresos/controllers/default.py: 0
[2014-01-09 17:04:18] EDIT SEACAT_ingresos/controllers/default.py: 1
[2014-01-09 17:06:08] EDIT SEACAT_ingresos/models/menu.py: 0
[2014-01-09 17:12:35] EDIT SEACAT_ingresos/models/db.py: 1
[2014-01-09 17:25:41] EDIT SEACAT_ingresos/models/db.py: -1
[2014-01-09 17:26:25] CREATE default/new_father.html: 0
[2014-01-09 17:27:57] EDIT SEACAT_ingresos/views/default/new_father.html: 0
[2014-01-09 17:30:31] EDIT SEACAT_ingresos/views/default/new_father.html: 0
[2014-01-09 17:30:47] EDIT SEACAT_ingresos/views/default/new_father.html: 0
[2014-01-09 17:30:58] EDIT SEACAT_ingresos/views/default/new_father.html: 1
[2014-01-09 17:35:50] CREATE default/new_user.html: 0
[2014-01-09 17:36:10] EDIT SEACAT_ingresos/views/default/new_user.html: 1
[2014-01-09 17:40:09] EDIT SEACAT_ingresos/controllers/default.py: 28
[2014-01-09 17:41:44] EDIT SEACAT_ingresos/models/menu.py: 7
[2014-01-09 17:41:52] EDIT SEACAT_ingresos/models/menu.py: 0
[2014-01-09 17:46:19] EDIT SEACAT_ingresos/controllers/default.py: 0
[2014-01-09 17:50:46] EDIT SEACAT_ingresos/controllers/default.py: 0
[2014-01-09 17:51:11] EDIT SEACAT_ingresos/controllers/default.py: 0
[2014-01-09 17:52:47] EDIT SEACAT_ingresos/controllers/default.py: 0
[2014-01-09 17:55:27] EDIT SEACAT_ingresos/controllers/default.py: 0
[2014-01-09 17:57:20] EDIT SEACAT_ingresos/controllers/default.py: 1
[2014-01-09 19:39:02] EDIT SEACAT_ingresos/models/menu.py: 6
[2014-01-09 19:42:24] EDIT SEACAT_ingresos/models/menu.py: 0
[2014-01-09 19:51:40] EDIT SEACAT_ingresos/controllers/default.py: 3
[2014-01-09 19:51:58] EDIT SEACAT_ingresos/models/menu.py: 1
[2014-01-09 19:52:24] EDIT SEACAT_ingresos/models/menu.py: 0
[2014-01-09 19:54:03] EDIT SEACAT_ingresos/controllers/default.py: 4
[2014-01-09 19:59:27] EDIT SEACAT_ingresos/controllers/default.py: 1
[2014-01-09 20:00:16] EDIT SEACAT_ingresos/controllers/default.py: 1
[2014-01-09 20:00:27] EDIT SEACAT_ingresos/controllers/default.py: 0
[2014-01-09 20:03:19] EDIT SEACAT_ingresos/controllers/default.py: 1
[2014-01-09 20:05:02] EDIT SEACAT_ingresos/controllers/default.py: 2
[2014-01-09 20:08:06] EDIT SEACAT_ingresos/controllers/default.py: 1
[2014-01-09 20:10:24] EDIT SEACAT_ingresos/controllers/default.py: 0
[2014-01-09 20:12:09] EDIT SEACAT_ingresos/controllers/default.py: 10
[2014-01-09 20:12:28] EDIT SEACAT_ingresos/controllers/default.py: 0
[2014-01-09 20:16:52] EDIT SEACAT_ingresos/controllers/default.py: -10
[2014-01-09 20:20:20] EDIT SEACAT_ingresos/controllers/default.py: 5
[2014-01-09 20:20:29] EDIT SEACAT_ingresos/controllers/default.py: 0
[2014-01-09 20:20:55] EDIT SEACAT_ingresos/controllers/default.py: 1
[2014-01-09 20:23:50] EDIT SEACAT_ingresos/controllers/default.py: 6
[2014-01-09 20:24:50] EDIT SEACAT_ingresos/controllers/default.py: 0
[2014-01-09 20:29:22] EDIT SEACAT_ingresos/controllers/default.py: 0
[2014-01-09 20:30:03] EDIT SEACAT_ingresos/controllers/default.py: 0
[2014-01-09 20:30:07] EDIT SEACAT_ingresos/controllers/default.py: 0
[2014-01-09 20:32:36] EDIT SEACAT_ingresos/controllers/default.py: 0
[2014-01-10 16:36:48] EDIT SEACAT_ingresos/controllers/default.py: 0
[2014-01-10 16:44:26] EDIT SEACAT_ingresos/controllers/default.py: 0
[2014-01-10 16:45:51] EDIT SEACAT_ingresos/controllers/default.py: 0
[2014-01-10 16:47:05] EDIT SEACAT_ingresos/controllers/default.py: 5
[2014-01-10 16:47:38] EDIT SEACAT_ingresos/controllers/default.py: 0
[2014-01-10 16:48:52] EDIT SEACAT_ingresos/controllers/default.py: 0
[2014-01-10 16:54:32] EDIT SEACAT_ingresos/controllers/default.py: 1
[2014-01-10 16:55:36] EDIT SEACAT_ingresos/controllers/default.py: 0
[2014-01-10 16:55:40] EDIT SEACAT_ingresos/controllers/default.py: 0
[2014-01-10 16:59:33] EDIT SEACAT_ingresos/controllers/default.py: 0
[2014-01-10 17:13:07] EDIT SEACAT_ingresos/models/menu.py: 1
[2014-01-10 17:13:38] EDIT SEACAT_ingresos/models/menu.py: 2
[2014-01-10 17:17:24] EDIT SEACAT_ingresos/controllers/appadmin.py: 1
[2014-01-10 17:17:55] EDIT SEACAT_ingresos/controllers/appadmin.py: 0
[2014-01-10 17:23:39] EDIT SEACAT_ingresos/controllers/appadmin.py: 1
[2014-01-10 17:41:43] CREATE default/admin_users.html: 0
[2014-01-10 17:42:05] CREATE default/admin_user_groups.html: 0
[2014-01-10 17:42:25] CREATE default/admin_user_memberships.html: 0
[2014-01-10 17:42:47] CREATE default/admin_user_permissions.html: 0
[2014-01-10 17:43:38] EDIT SEACAT_ingresos/views/default/admin_user_groups.html: -1
[2014-01-10 17:47:22] EDIT SEACAT_ingresos/views/default/admin_user_memberships.html: 0
[2014-01-10 17:47:46] EDIT SEACAT_ingresos/views/default/admin_user_memberships.html: -1
[2014-01-10 17:47:59] EDIT SEACAT_ingresos/views/default/admin_user_memberships.html: 1
[2014-01-10 17:49:51] DELETE SEACAT_ingresos/views/default/admin_user_groups.html: -2
[2014-01-10 17:49:57] DELETE SEACAT_ingresos/views/default/admin_user_memberships.html: -3
[2014-01-10 17:50:01] DELETE SEACAT_ingresos/views/default/admin_user_permissions.html: -3
[2014-01-10 17:50:06] DELETE SEACAT_ingresos/views/default/admin_users.html: -3
[2014-01-10 17:52:18] EDIT SEACAT_ingresos/controllers/default.py: 0
[2014-01-10 17:52:47] EDIT SEACAT_ingresos/controllers/default.py: 0
[2014-01-10 18:07:55] EDIT SEACAT_ingresos/models/db.py: 0
[2014-01-10 18:08:38] EDIT SEACAT_ingresos/controllers/default.py: 6
[2014-01-10 18:10:46] EDIT SEACAT_ingresos/controllers/default.py: 1
[2014-01-10 18:11:38] EDIT SEACAT_ingresos/controllers/default.py: 0
[2014-01-14 09:51:23] EDIT SEACAT_ingresos/controllers/default.py: 0
[2014-01-14 09:57:12] EDIT SEACAT_ingresos/models/db.py: 0
[2014-01-14 10:02:14] EDIT SEACAT_ingresos/models/db.py: 0
[2014-01-14 10:02:41] EDIT SEACAT_ingresos/models/db.py: 0
[2014-01-14 10:25:37] EDIT SEACAT_ingresos/models/db.py: 0
[2014-01-14 10:26:00] EDIT SEACAT_ingresos/models/db.py: 0
[2014-01-14 10:26:40] EDIT SEACAT_ingresos/models/db.py: 0
[2014-01-14 10:31:50] CREATE default/new_personal_data.html: 0
[2014-01-14 10:32:27] EDIT SEACAT_ingresos/views/default/new_personal_data.html: 0
[2014-01-14 10:33:17] EDIT SEACAT_ingresos/controllers/default.py: 1
[2014-01-14 10:33:47] EDIT SEACAT_ingresos/views/default/new_personal_data.html: 1
[2014-01-14 10:34:52] EDIT SEACAT_ingresos/models/db.py: 0
[2014-01-14 10:35:01] EDIT SEACAT_ingresos/models/db.py: 0
[2014-01-14 10:35:57] EDIT SEACAT_ingresos/models/db.py: 0
[2014-01-14 10:36:30] EDIT SEACAT_ingresos/models/db.py: 0
[2014-01-14 10:38:05] EDIT SEACAT_ingresos/models/db.py: 1
[2014-01-14 10:39:09] EDIT SEACAT_ingresos/models/db.py: 0
[2014-01-14 10:39:33] EDIT SEACAT_ingresos/models/db.py: -1
[2014-01-14 10:39:38] EDIT SEACAT_ingresos/models/db.py: 0
[2014-01-14 10:40:30] EDIT SEACAT_ingresos/models/db.py: 0
[2014-01-14 10:41:00] EDIT SEACAT_ingresos/models/db.py: 0
[2014-01-14 10:43:28] EDIT SEACAT_ingresos/controllers/default.py: 0
[2014-01-14 10:44:47] EDIT SEACAT_ingresos/controllers/default.py: 0
[2014-01-14 10:46:44] EDIT SEACAT_ingresos/controllers/default.py: 0
[2014-01-14 10:47:38] EDIT SEACAT_ingresos/controllers/default.py: 0
[2014-01-14 10:48:06] EDIT SEACAT_ingresos/controllers/default.py: 0
[2014-01-14 10:48:30] EDIT SEACAT_ingresos/controllers/default.py: 0
[2014-01-14 10:49:37] EDIT SEACAT_ingresos/controllers/default.py: 0
[2014-01-14 10:50:22] EDIT SEACAT_ingresos/controllers/default.py: 0
[2014-01-14 10:50:39] EDIT SEACAT_ingresos/controllers/default.py: 0
[2014-01-14 10:56:52] EDIT SEACAT_ingresos/controllers/default.py: 0
[2014-01-14 10:57:09] EDIT SEACAT_ingresos/controllers/default.py: 0
[2014-01-14 10:59:05] EDIT SEACAT_ingresos/models/db.py: 0
[2014-01-14 10:59:12] EDIT SEACAT_ingresos/models/db.py: 0
[2014-01-14 10:59:48] EDIT SEACAT_ingresos/models/db.py: 0
[2014-01-14 11:17:56] EDIT SEACAT_ingresos/models/db.py: 0
[2014-01-14 11:22:47] EDIT SEACAT_ingresos/views/default/new_personal_data.html: 3
[2014-01-14 11:23:35] EDIT SEACAT_ingresos/views/default/new_personal_data.html: 0
[2014-01-14 11:24:13] EDIT SEACAT_ingresos/views/default/new_personal_data.html: 0
[2014-01-14 11:41:20] EDIT SEACAT_ingresos/controllers/default.py: 19
[2014-01-14 11:42:42] EDIT SEACAT_ingresos/controllers/default.py: 11
[2014-01-14 11:43:17] EDIT SEACAT_ingresos/controllers/default.py: 0
[2014-01-14 11:43:58] EDIT SEACAT_ingresos/controllers/default.py: 0
[2014-01-14 11:44:12] EDIT SEACAT_ingresos/controllers/default.py: 0
[2014-01-14 11:47:49] EDIT SEACAT_ingresos/controllers/default.py: 0
[2014-01-14 11:48:15] EDIT SEACAT_ingresos/models/db.py: 0
[2014-01-14 11:51:54] EDIT SEACAT_ingresos/controllers/default.py: 0
[2014-01-14 11:54:38] EDIT SEACAT_ingresos/controllers/default.py: 0
[2014-01-14 11:57:39] EDIT SEACAT_ingresos/controllers/default.py: 0
[2014-01-14 12:00:10] EDIT SEACAT_ingresos/controllers/default.py: 0
[2014-01-14 12:01:32] EDIT SEACAT_ingresos/controllers/default.py: 0
[2014-01-14 13:59:20] EDIT SEACAT_ingresos/controllers/default.py: 0
[2014-01-14 14:01:03] EDIT SEACAT_ingresos/controllers/default.py: 0
[2014-01-14 14:11:05] EDIT SEACAT_ingresos/controllers/default.py: 1
[2014-01-14 14:19:22] EDIT SEACAT_ingresos/controllers/default.py: 0
[2014-01-14 14:23:50] EDIT SEACAT_ingresos/controllers/default.py: 0
[2014-01-14 14:24:11] EDIT SEACAT_ingresos/controllers/default.py: 0
[2014-01-14 14:25:03] EDIT SEACAT_ingresos/controllers/default.py: 7
[2014-01-14 14:25:26] EDIT SEACAT_ingresos/controllers/default.py: 0
[2014-01-14 14:27:09] EDIT SEACAT_ingresos/controllers/default.py: 0
[2014-01-14 14:27:40] EDIT SEACAT_ingresos/controllers/default.py: 0
[2014-01-14 14:27:48] EDIT SEACAT_ingresos/controllers/default.py: 0
[2014-01-14 14:28:59] EDIT SEACAT_ingresos/controllers/default.py: 1
[2014-01-14 14:32:07] EDIT SEACAT_ingresos/models/db.py: 1
[2014-01-14 14:34:21] EDIT SEACAT_ingresos/models/db.py: 0
[2014-01-14 14:34:32] EDIT SEACAT_ingresos/models/db.py: 0
[2014-01-14 14:35:15] EDIT SEACAT_ingresos/models/db.py: 0
[2014-01-14 14:47:59] EDIT SEACAT_ingresos/models/db.py: 0
[2014-01-14 14:54:37] EDIT SEACAT_ingresos/controllers/default.py: 1
[2014-01-14 14:54:54] EDIT SEACAT_ingresos/controllers/default.py: 1
[2014-01-14 14:57:43] EDIT SEACAT_ingresos/controllers/default.py: -1
[2014-01-14 14:59:32] EDIT SEACAT_ingresos/controllers/default.py: 1
[2014-01-14 15:26:24] EDIT SEACAT_ingresos/controllers/default.py: 5
[2014-01-14 15:31:03] EDIT SEACAT_ingresos/views/default/new_father.html: 8
[2014-01-14 15:32:28] EDIT SEACAT_ingresos/views/default/new_father.html: 1
[2014-01-14 15:35:33] EDIT SEACAT_ingresos/views/default/new_father.html: 0
[2014-01-14 15:36:02] EDIT SEACAT_ingresos/views/default/new_father.html: 0
[2014-01-14 15:37:39] EDIT SEACAT_ingresos/views/default/new_father.html: 9
[2014-01-14 15:39:28] EDIT SEACAT_ingresos/views/default/new_father.html: 0
[2014-01-14 15:39:54] EDIT SEACAT_ingresos/views/default/new_father.html: 0
[2014-01-14 19:08:10] EDIT SEACAT_ingresos/controllers/default.py: 0
[2014-01-14 19:10:20] EDIT SEACAT_ingresos/views/default/new_user.html: 5
[2014-01-14 19:11:31] EDIT SEACAT_ingresos/views/default/new_user.html: 0
[2014-01-14 19:12:15] EDIT SEACAT_ingresos/views/default/new_user.html: 0
[2014-01-14 19:12:36] EDIT SEACAT_ingresos/views/default/new_user.html: 0
[2014-01-14 19:12:55] EDIT SEACAT_ingresos/views/default/new_user.html: 0
[2014-01-14 19:13:31] EDIT SEACAT_ingresos/views/default/new_user.html: 1
[2014-01-14 19:13:52] EDIT SEACAT_ingresos/views/default/new_user.html: 0
[2014-01-14 19:14:05] EDIT SEACAT_ingresos/views/default/new_user.html: -1
[2014-01-14 19:14:23] EDIT SEACAT_ingresos/views/default/new_user.html: 0
[2014-01-14 19:15:04] EDIT SEACAT_ingresos/views/default/new_user.html: 1
[2014-01-14 19:15:17] EDIT SEACAT_ingresos/views/default/new_user.html: -1
[2014-01-14 19:15:28] EDIT SEACAT_ingresos/views/default/new_user.html: 0
[2014-01-14 19:15:57] EDIT SEACAT_ingresos/views/default/new_user.html: 2
[2014-01-14 19:16:57] EDIT SEACAT_ingresos/views/default/new_user.html: -2
[2014-01-14 19:17:29] EDIT SEACAT_ingresos/views/default/new_user.html: 0
[2014-01-14 19:20:39] EDIT SEACAT_ingresos/views/default/new_user.html: 0
[2014-01-14 19:23:03] EDIT SEACAT_ingresos/views/default/new_user.html: 3
[2014-01-14 19:24:14] EDIT SEACAT_ingresos/views/default/new_user.html: 4
[2014-01-14 19:24:53] EDIT SEACAT_ingresos/views/default/new_user.html: 0
[2014-01-14 19:25:41] EDIT SEACAT_ingresos/views/default/new_user.html: 0
[2014-01-14 19:27:05] EDIT SEACAT_ingresos/views/default/new_user.html: 0
[2014-01-14 19:27:41] EDIT SEACAT_ingresos/views/default/new_user.html: 0
[2014-01-14 19:28:48] EDIT SEACAT_ingresos/views/default/new_user.html: 0
[2014-01-14 19:29:12] EDIT SEACAT_ingresos/views/default/new_user.html: 0
[2014-01-14 19:31:08] EDIT SEACAT_ingresos/views/default/new_user.html: 0
[2014-01-14 19:31:32] EDIT SEACAT_ingresos/views/default/new_user.html: 0
[2014-01-14 19:34:10] EDIT SEACAT_ingresos/views/default/new_user.html: 1
[2014-01-14 19:35:10] EDIT SEACAT_ingresos/views/default/new_user.html: 1
[2014-01-14 19:35:30] EDIT SEACAT_ingresos/views/default/new_user.html: 0
[2014-01-14 19:38:11] EDIT SEACAT_ingresos/views/default/new_user.html: 0
[2014-01-14 19:38:33] EDIT SEACAT_ingresos/views/default/new_user.html: 0
[2014-01-14 19:41:36] EDIT SEACAT_ingresos/controllers/default.py: 2
[2014-01-14 19:42:04] EDIT SEACAT_ingresos/controllers/default.py: 0
[2014-01-14 19:42:44] EDIT SEACAT_ingresos/views/default/new_user.html: 0
[2014-01-14 19:44:16] EDIT SEACAT_ingresos/views/default/new_user.html: 1
[2014-01-14 19:44:39] EDIT SEACAT_ingresos/views/default/new_user.html: 0
[2014-01-14 19:44:56] EDIT SEACAT_ingresos/views/default/new_user.html: 0
[2014-01-14 19:45:45] EDIT SEACAT_ingresos/views/default/new_user.html: 0
[2014-01-14 19:48:04] EDIT SEACAT_ingresos/controllers/default.py: 0
[2014-01-14 19:53:42] EDIT SEACAT_ingresos/controllers/default.py: 1
[2014-01-14 19:55:05] EDIT SEACAT_ingresos/controllers/default.py: 0
[2014-01-14 19:57:24] EDIT SEACAT_ingresos/controllers/default.py: 0
[2014-01-14 19:59:08] EDIT SEACAT_ingresos/views/default/new_user.html: 1
[2014-01-14 19:59:26] EDIT SEACAT_ingresos/views/default/new_user.html: 0
[2014-01-14 20:02:10] EDIT SEACAT_ingresos/views/default/new_user.html: -1
[2014-01-14 20:07:22] EDIT SEACAT_ingresos/controllers/default.py: 0
[2014-01-14 20:07:31] EDIT SEACAT_ingresos/controllers/default.py: 0
[2014-01-14 20:07:46] EDIT SEACAT_ingresos/views/default/new_user.html: 0
[2014-01-14 20:09:25] EDIT SEACAT_ingresos/controllers/default.py: -13
[2014-01-14 20:10:48] EDIT SEACAT_ingresos/controllers/default.py: 0
[2014-01-15 08:33:02] EDIT SEACAT_ingresos/controllers/default.py: 4
[2014-01-15 08:35:54] EDIT SEACAT_ingresos/controllers/default.py: -6
[2014-01-15 08:36:31] EDIT SEACAT_ingresos/controllers/default.py: 0
[2014-01-15 09:22:00] EDIT SEACAT_ingresos/models/db.py: 9
[2014-01-15 09:22:53] EDIT SEACAT_ingresos/models/db.py: 0
[2014-01-15 09:25:27] EDIT SEACAT_ingresos/models/db.py: 0
[2014-01-15 09:28:43] EDIT SEACAT_ingresos/controllers/default.py: -1
[2014-01-15 09:30:38] EDIT SEACAT_ingresos/models/db.py: 1
[2014-01-15 09:34:05] EDIT SEACAT_ingresos/models/db.py: 4
[2014-01-15 09:35:13] EDIT SEACAT_ingresos/controllers/default.py: 0
[2014-01-15 09:38:31] EDIT SEACAT_ingresos/views/default/new_father.html: 14
[2014-01-15 09:40:50] EDIT SEACAT_ingresos/views/default/new_father.html: -1
[2014-01-15 09:44:11] EDIT SEACAT_ingresos/views/default/new_father.html: 4
[2014-01-15 09:46:19] EDIT SEACAT_ingresos/controllers/default.py: 0
[2014-01-15 09:47:09] EDIT SEACAT_ingresos/controllers/default.py: 1
[2014-01-15 09:47:40] EDIT SEACAT_ingresos/views/default/new_father.html: 0
[2014-01-15 09:48:27] EDIT SEACAT_ingresos/views/default/new_father.html: 0
[2014-01-15 09:50:53] EDIT SEACAT_ingresos/views/default/new_father.html: 0
[2014-01-15 09:51:09] EDIT SEACAT_ingresos/views/default/new_father.html: -17
[2014-01-15 09:53:35] EDIT SEACAT_ingresos/models/db.py: -1
[2014-01-15 09:54:19] EDIT SEACAT_ingresos/controllers/default.py: 0
[2014-01-15 09:55:58] EDIT SEACAT_ingresos/controllers/default.py: -5
[2014-01-15 09:56:04] EDIT SEACAT_ingresos/controllers/default.py: 0
[2014-01-15 10:02:17] EDIT SEACAT_ingresos/models/db.py: 1
[2014-01-15 10:03:18] EDIT SEACAT_ingresos/models/db.py: -1
[2014-01-15 10:03:45] EDIT SEACAT_ingresos/models/db.py: 1
[2014-01-15 10:05:05] EDIT SEACAT_ingresos/models/db.py: 0
[2014-01-15 10:05:49] EDIT SEACAT_ingresos/models/db.py: -1
[2014-01-15 10:05:59] EDIT SEACAT_ingresos/controllers/default.py: 1
[2014-01-15 10:07:21] EDIT SEACAT_ingresos/views/default/new_father.html: 0
[2014-01-15 10:39:06] EDIT SEACAT_ingresos/controllers/default.py: 0
[2014-01-15 10:39:19] EDIT SEACAT_ingresos/views/default/new_father.html: 0
[2014-01-15 10:41:32] EDIT SEACAT_ingresos/controllers/default.py: 0
[2014-01-15 11:59:15] EDIT SEACAT_ingresos/views/default/new_father.html: 0
[2014-01-15 13:26:59] EDIT SEACAT_ingresos/views/default/new_father.html: 0
[2014-01-15 13:28:23] EDIT SEACAT_ingresos/views/default/new_father.html: 0
[2014-01-15 13:32:31] EDIT SEACAT_ingresos/views/default/new_father.html: 0
[2014-01-15 13:32:42] EDIT SEACAT_ingresos/views/default/new_father.html: 0
[2014-01-15 13:33:50] EDIT SEACAT_ingresos/controllers/default.py: 1
[2014-01-15 13:34:07] EDIT SEACAT_ingresos/controllers/default.py: 0
[2014-01-15 13:34:40] EDIT SEACAT_ingresos/controllers/default.py: 0
[2014-01-15 13:35:02] EDIT SEACAT_ingresos/controllers/default.py: 0
[2014-01-15 13:35:15] EDIT SEACAT_ingresos/views/default/new_father.html: 0
[2014-01-15 13:35:35] EDIT SEACAT_ingresos/views/default/new_father.html: 0
[2014-01-15 13:36:00] EDIT SEACAT_ingresos/controllers/default.py: 0
[2014-01-15 13:37:31] EDIT SEACAT_ingresos/controllers/default.py: -1
[2014-01-15 13:38:22] EDIT SEACAT_ingresos/views/default/new_father.html: 0
[2014-01-15 13:39:10] EDIT SEACAT_ingresos/views/default/new_father.html: 0
[2014-01-15 13:45:57] EDIT SEACAT_ingresos/controllers/default.py: -16
[2014-01-15 13:51:34] EDIT SEACAT_ingresos/views/default/new_father.html: 21
[2014-01-15 13:51:39] EDIT SEACAT_ingresos/views/default/new_father.html: -4
[2014-01-15 14:00:40] EDIT SEACAT_ingresos/views/default/new_father.html: 0
[2014-01-15 14:02:50] EDIT SEACAT_ingresos/views/default/new_father.html: 0
[2014-01-15 14:03:05] EDIT SEACAT_ingresos/views/default/new_father.html: 0
[2014-01-15 14:03:45] EDIT SEACAT_ingresos/views/default/new_father.html: 0
[2014-01-15 14:10:04] EDIT SEACAT_ingresos/views/default/new_father.html: 0
[2014-01-15 14:10:21] EDIT SEACAT_ingresos/views/default/new_father.html: 0
[2014-01-15 14:19:51] EDIT SEACAT_ingresos/views/default/new_father.html: 0
[2014-01-15 14:20:04] EDIT SEACAT_ingresos/views/default/new_father.html: 0
[2014-01-15 14:35:49] EDIT SEACAT_ingresos/controllers/default.py: 2
[2014-01-15 14:35:53] EDIT SEACAT_ingresos/controllers/default.py: 0
[2014-01-15 14:38:36] EDIT SEACAT_ingresos/controllers/default.py: -1
[2014-01-15 14:40:53] EDIT SEACAT_ingresos/models/db.py: 0
[2014-01-15 14:44:41] EDIT SEACAT_ingresos/controllers/default.py: 0
